<?xml version="1.0" encoding="UTF-8"?>
<testng-results skipped="0" failed="1" ignored="0" total="1" passed="0">
  <reporter-output>
    <line>
      <![CDATA[Page: Online Jewellery Shopping Store India | Buy Gold and Diamond jewellery with Latest Designs 2019 | BlueStone.com]]>
    </line>
    <line>
      <![CDATA[Page: BlueStone.com]]>
    </line>
    <line>
      <![CDATA[Page: The Myrna Ring | BlueStone.com]]>
    </line>
    <line>
      <![CDATA[Pass: 0]]>
    </line>
    <line>
      <![CDATA[Fail: 1]]>
    </line>
    <line>
      <![CDATA[Skip: 0]]>
    </line>
  </reporter-output>
  <suite name="Default suite" duration-ms="18910" started-at="2019-08-05T08:25:40Z" finished-at="2019-08-05T08:25:59Z">
    <groups>
    </groups>
    <test name="Default test" duration-ms="18910" started-at="2019-08-05T08:25:40Z" finished-at="2019-08-05T08:25:59Z">
      <class name="bluestone.script.Rings">
        <test-method status="PASS" signature="setDateForReport()[pri:0, instance:bluestone.script.Rings@5702b3b1]" name="setDateForReport" is-config="true" duration-ms="129" started-at="2019-08-05T08:25:40Z" finished-at="2019-08-05T08:25:40Z">
          <reporter-output>
          </reporter-output>
        </test-method> <!-- setDateForReport -->
        <test-method status="PASS" signature="openBrowser()[pri:0, instance:bluestone.script.Rings@5702b3b1]" name="openBrowser" is-config="true" duration-ms="7568" started-at="2019-08-05T08:25:40Z" finished-at="2019-08-05T08:25:48Z">
          <reporter-output>
          </reporter-output>
        </test-method> <!-- openBrowser -->
        <test-method status="FAIL" signature="verifyAllPrices()[pri:0, instance:bluestone.script.Rings@5702b3b1]" name="verifyAllPrices" duration-ms="9860" started-at="2019-08-05T08:25:48Z" finished-at="2019-08-05T08:25:58Z">
          <exception class="java.lang.AssertionError">
            <message>
              <![CDATA[Rings Actual Price: 26479 vs PDT Actual Price: 26837 expected [26837] but found [26479]]]>
            </message>
            <full-stacktrace>
              <![CDATA[java.lang.AssertionError: Rings Actual Price: 26479 vs PDT Actual Price: 26837 expected [26837] but found [26479]
at org.testng.Assert.fail(Assert.java:96)
at org.testng.Assert.failNotEquals(Assert.java:776)
at org.testng.Assert.assertEqualsImpl(Assert.java:137)
at org.testng.Assert.assertEquals(Assert.java:118)
at org.testng.Assert.assertEquals(Assert.java:453)
at bluestone.script.Rings.verifyAllPrices(Rings.java:266)
at sun.reflect.NativeMethodAccessorImpl.invoke0(Native Method)
at sun.reflect.NativeMethodAccessorImpl.invoke(NativeMethodAccessorImpl.java:62)
at sun.reflect.DelegatingMethodAccessorImpl.invoke(DelegatingMethodAccessorImpl.java:43)
at java.lang.reflect.Method.invoke(Method.java:498)
at org.testng.internal.MethodInvocationHelper.invokeMethod(MethodInvocationHelper.java:124)
at org.testng.internal.Invoker.invokeMethod(Invoker.java:583)
at org.testng.internal.Invoker.invokeTestMethod(Invoker.java:719)
at org.testng.internal.Invoker.invokeTestMethods(Invoker.java:989)
at org.testng.internal.TestMethodWorker.invokeTestMethods(TestMethodWorker.java:125)
at org.testng.internal.TestMethodWorker.run(TestMethodWorker.java:109)
at org.testng.TestRunner.privateRun(TestRunner.java:648)
at org.testng.TestRunner.run(TestRunner.java:505)
at org.testng.SuiteRunner.runTest(SuiteRunner.java:455)
at org.testng.SuiteRunner.runSequentially(SuiteRunner.java:450)
at org.testng.SuiteRunner.privateRun(SuiteRunner.java:415)
at org.testng.SuiteRunner.run(SuiteRunner.java:364)
at org.testng.SuiteRunnerWorker.runSuite(SuiteRunnerWorker.java:52)
at org.testng.SuiteRunnerWorker.run(SuiteRunnerWorker.java:84)
at org.testng.TestNG.runSuitesSequentially(TestNG.java:1208)
at org.testng.TestNG.runSuitesLocally(TestNG.java:1137)
at org.testng.TestNG.runSuites(TestNG.java:1049)
at org.testng.TestNG.run(TestNG.java:1017)
at org.testng.remote.AbstractRemoteTestNG.run(AbstractRemoteTestNG.java:115)
at org.testng.remote.RemoteTestNG.initAndRun(RemoteTestNG.java:251)
at org.testng.remote.RemoteTestNG.main(RemoteTestNG.java:77)
]]>
            </full-stacktrace>
          </exception> <!-- java.lang.AssertionError -->
          <reporter-output>
            <line>
              <![CDATA[Page: Online Jewellery Shopping Store India | Buy Gold and Diamond jewellery with Latest Designs 2019 | BlueStone.com]]>
            </line>
            <line>
              <![CDATA[Page: BlueStone.com]]>
            </line>
            <line>
              <![CDATA[Page: The Myrna Ring | BlueStone.com]]>
            </line>
          </reporter-output>
        </test-method> <!-- verifyAllPrices -->
        <test-method status="PASS" signature="closeBrowser(org.testng.ITestResult)[pri:0, instance:bluestone.script.Rings@5702b3b1]" name="closeBrowser" is-config="true" duration-ms="1316" started-at="2019-08-05T08:25:58Z" finished-at="2019-08-05T08:25:59Z">
          <params>
            <param index="0">
              <value>
                <![CDATA[[TestResult name=verifyAllPrices status=FAILURE method=Rings.verifyAllPrices()[pri:0, instance:bluestone.script.Rings@5702b3b1] output=Page: Online Jewellery Shopping Store India | Buy Gold and Diamond jewellery with Latest Designs 2019 | BlueStone.com]]]>
              </value>
            </param>
          </params>
          <reporter-output>
          </reporter-output>
        </test-method> <!-- closeBrowser -->
        <test-method status="PASS" signature="generateReport()[pri:0, instance:bluestone.script.Rings@5702b3b1]" name="generateReport" is-config="true" duration-ms="460" started-at="2019-08-05T08:25:59Z" finished-at="2019-08-05T08:26:00Z">
          <reporter-output>
            <line>
              <![CDATA[Pass: 0]]>
            </line>
            <line>
              <![CDATA[Fail: 1]]>
            </line>
            <line>
              <![CDATA[Skip: 0]]>
            </line>
          </reporter-output>
        </test-method> <!-- generateReport -->
      </class> <!-- bluestone.script.Rings -->
    </test> <!-- Default test -->
  </suite> <!-- Default suite -->
</testng-results>
